[2024-12-13 15:47:12] POST Data: Array
(
    [user_id] => 4333
)

[2024-12-13 15:47:12] FILES Data: Array
(
    [file] => Array
        (
            [name] => Fontelera.JohnAdrian_ITE_Lab_ACT _2.pdf
            [full_path] => Fontelera.JohnAdrian_ITE_Lab_ACT _2.pdf
            [type] => application/pdf
            [tmp_name] => C:\xampppp\tmp\phpCEED.tmp
            [error] => 0
            [size] => 67686
        )

)

[2024-12-13 15:47:12] User ID 4333 not found in database
[2024-12-13 15:47:43] POST Data: Array
(
    [user_id] => 4333
)

[2024-12-13 15:47:43] FILES Data: Array
(
    [file] => Array
        (
            [name] => Fontelera.JohnAdrian_ITE_Lab_ACT _2.pdf
            [full_path] => Fontelera.JohnAdrian_ITE_Lab_ACT _2.pdf
            [type] => application/pdf
            [tmp_name] => C:\xampppp\tmp\php469F.tmp
            [error] => 0
            [size] => 67686
        )

)

[2024-12-13 15:47:43] User ID 4333 not found in database
[2024-12-13 15:47:47] POST Data: Array
(
    [user_id] => 4333
)

[2024-12-13 15:47:47] FILES Data: Array
(
    [file] => Array
        (
            [name] => Fontelera.JohnAdrian_ITE_Lab_ACT _2.pdf
            [full_path] => Fontelera.JohnAdrian_ITE_Lab_ACT _2.pdf
            [type] => application/pdf
            [tmp_name] => C:\xampppp\tmp\php59BB.tmp
            [error] => 0
            [size] => 67686
        )

)

[2024-12-13 15:47:47] User ID 4333 not found in database
[2024-12-13 15:54:23] POST Data: Array
(
    [user_id] => 4333
)

[2024-12-13 15:54:23] FILES Data: Array
(
    [file] => Array
        (
            [name] => Fontelera.JohnAdrian_ITE_Lab_ACT _2.pdf
            [full_path] => Fontelera.JohnAdrian_ITE_Lab_ACT _2.pdf
            [type] => application/pdf
            [tmp_name] => C:\xampppp\tmp\php61BD.tmp
            [error] => 0
            [size] => 67686
        )

)

[2024-12-13 15:54:23] Invalid user ID: 0
[2024-12-13 15:55:26] POST Data: Array
(
    [id] => 4333
)

[2024-12-13 15:55:26] FILES Data: Array
(
    [file] => Array
        (
            [name] => Fontelera.JohnAdrian_ITE_Lab_ACT _2.pdf
            [full_path] => Fontelera.JohnAdrian_ITE_Lab_ACT _2.pdf
            [type] => application/pdf
            [tmp_name] => C:\xampppp\tmp\php5759.tmp
            [error] => 0
            [size] => 67686
        )

)

[2024-12-13 15:55:26] User ID 4333 not found in database
